0:0:0:0:0:0:0:1 - - [20/Feb/2017:10:44:10 +0800] "GET /shiro-2/user.jsp HTTP/1.1" 404 306
0:0:0:0:0:0:0:1 - - [20/Feb/2017:10:44:18 +0800] "GET /likeName HTTP/1.1" 200 40
0:0:0:0:0:0:0:1 - - [20/Feb/2017:10:47:45 +0800] "GET /likeName HTTP/1.1" 200 40
0:0:0:0:0:0:0:1 - - [20/Feb/2017:10:47:47 +0800] "GET /likeName HTTP/1.1" 200 40
0:0:0:0:0:0:0:1 - - [20/Feb/2017:10:48:51 +0800] "GET /likeName HTTP/1.1" 200 40
0:0:0:0:0:0:0:1 - - [20/Feb/2017:10:48:55 +0800] "GET /likeName HTTP/1.1" 200 40
0:0:0:0:0:0:0:1 - - [20/Feb/2017:10:52:23 +0800] "GET /likeName HTTP/1.1" 200 40
0:0:0:0:0:0:0:1 - - [20/Feb/2017:10:52:23 +0800] "GET /favicon.ico HTTP/1.1" 200 946
0:0:0:0:0:0:0:1 - - [20/Feb/2017:10:52:28 +0800] "GET /likeName?name=z3 HTTP/1.1" 200 40
0:0:0:0:0:0:0:1 - - [20/Feb/2017:10:52:31 +0800] "GET /likeName?name=z3 HTTP/1.1" 200 40
0:0:0:0:0:0:0:1 - - [20/Feb/2017:10:53:35 +0800] "GET /likeName?name=z3 HTTP/1.1" 200 42
0:0:0:0:0:0:0:1 - - [20/Feb/2017:10:54:43 +0800] "GET /likeName?name=z3 HTTP/1.1" 200 42
0:0:0:0:0:0:0:1 - - [20/Feb/2017:10:54:45 +0800] "GET /likeName?name=z3 HTTP/1.1" 200 42
0:0:0:0:0:0:0:1 - - [20/Feb/2017:10:54:51 +0800] "GET /likeName?name=z3 HTTP/1.1" 200 42
0:0:0:0:0:0:0:1 - - [20/Feb/2017:10:54:59 +0800] "GET /likeName HTTP/1.1" 200 12
0:0:0:0:0:0:0:1 - - [20/Feb/2017:10:55:51 +0800] "GET /likeName?name=z3 HTTP/1.1" 200 42
0:0:0:0:0:0:0:1 - - [20/Feb/2017:10:57:21 +0800] "GET /likeName?name=z3 HTTP/1.1" 200 42
0:0:0:0:0:0:0:1 - - [20/Feb/2017:10:59:24 +0800] "GET /likeName?name=z3 HTTP/1.1" 200 42
0:0:0:0:0:0:0:1 - - [20/Feb/2017:11:04:06 +0800] "GET /likeName?name=z3 HTTP/1.1" 200 42
0:0:0:0:0:0:0:1 - - [20/Feb/2017:11:21:03 +0800] "GET /likeName?name=z3 HTTP/1.1" 200 42
0:0:0:0:0:0:0:1 - - [20/Feb/2017:11:24:02 +0800] "GET /likeName?name=z3 HTTP/1.1" 200 42
0:0:0:0:0:0:0:1 - - [20/Feb/2017:11:24:02 +0800] "GET /favicon.ico HTTP/1.1" 200 946
0:0:0:0:0:0:0:1 - - [20/Feb/2017:11:30:20 +0800] "GET /likeName?name=z3 HTTP/1.1" 200 72
0:0:0:0:0:0:0:1 - - [20/Feb/2017:13:42:00 +0800] "GET /likeName?name=z3 HTTP/1.1" 200 72
0:0:0:0:0:0:0:1 - - [20/Feb/2017:13:42:01 +0800] "GET /favicon.ico HTTP/1.1" 200 946
0:0:0:0:0:0:0:1 - - [20/Feb/2017:13:42:47 +0800] "GET /likeName?name=z3 HTTP/1.1" 200 72
0:0:0:0:0:0:0:1 - - [20/Feb/2017:13:42:47 +0800] "GET /favicon.ico HTTP/1.1" 200 946
0:0:0:0:0:0:0:1 - - [20/Feb/2017:13:47:01 +0800] "GET /likeName?name=z3 HTTP/1.1" 500 386
0:0:0:0:0:0:0:1 - - [20/Feb/2017:13:47:02 +0800] "GET /favicon.ico HTTP/1.1" 200 946
0:0:0:0:0:0:0:1 - - [20/Feb/2017:13:48:05 +0800] "GET /likeName?name=z3 HTTP/1.1" 500 1418
0:0:0:0:0:0:0:1 - - [20/Feb/2017:13:48:05 +0800] "GET /favicon.ico HTTP/1.1" 200 946
0:0:0:0:0:0:0:1 - - [20/Feb/2017:13:49:22 +0800] "GET /likeName?name=z3 HTTP/1.1" 500 1049
0:0:0:0:0:0:0:1 - - [20/Feb/2017:13:49:22 +0800] "GET /favicon.ico HTTP/1.1" 200 946
0:0:0:0:0:0:0:1 - - [20/Feb/2017:13:50:16 +0800] "GET /likeName?name=z3 HTTP/1.1" 500 1420
0:0:0:0:0:0:0:1 - - [20/Feb/2017:13:50:16 +0800] "GET /favicon.ico HTTP/1.1" 200 946
0:0:0:0:0:0:0:1 - - [20/Feb/2017:13:51:10 +0800] "GET /likeName?name=z3 HTTP/1.1" 500 1420
0:0:0:0:0:0:0:1 - - [20/Feb/2017:13:51:10 +0800] "GET /favicon.ico HTTP/1.1" 200 946
0:0:0:0:0:0:0:1 - - [20/Feb/2017:13:52:15 +0800] "GET /likeName?name=z3 HTTP/1.1" 200 102
0:0:0:0:0:0:0:1 - - [20/Feb/2017:13:52:15 +0800] "GET /favicon.ico HTTP/1.1" 200 946
0:0:0:0:0:0:0:1 - - [20/Feb/2017:13:53:29 +0800] "GET /likeName?name=z3 HTTP/1.1" 200 102
0:0:0:0:0:0:0:1 - - [20/Feb/2017:13:53:29 +0800] "GET /favicon.ico HTTP/1.1" 200 946
0:0:0:0:0:0:0:1 - - [20/Feb/2017:14:20:59 +0800] "GET /likeName?name=z3 HTTP/1.1" 200 102
0:0:0:0:0:0:0:1 - - [20/Feb/2017:14:20:59 +0800] "GET /favicon.ico HTTP/1.1" 200 946
0:0:0:0:0:0:0:1 - - [20/Feb/2017:14:25:06 +0800] "GET /likeName?name=z3 HTTP/1.1" 200 102
0:0:0:0:0:0:0:1 - - [20/Feb/2017:14:25:06 +0800] "GET /favicon.ico HTTP/1.1" 200 946
0:0:0:0:0:0:0:1 - - [20/Feb/2017:14:27:18 +0800] "GET /getUser?name=z3 HTTP/1.1" 404 306
0:0:0:0:0:0:0:1 - - [20/Feb/2017:14:27:26 +0800] "GET /getUser?name=z3 HTTP/1.1" 404 306
0:0:0:0:0:0:0:1 - - [20/Feb/2017:14:27:26 +0800] "GET /favicon.ico HTTP/1.1" 200 946
0:0:0:0:0:0:0:1 - - [20/Feb/2017:14:39:30 +0800] "GET /getUser?name=z3 HTTP/1.1" 200 40
0:0:0:0:0:0:0:1 - - [20/Feb/2017:14:39:38 +0800] "GET /getUser?name=%E6%A2%A8 HTTP/1.1" 500 315
0:0:0:0:0:0:0:1 - - [20/Feb/2017:14:39:44 +0800] "GET /getUser?name=li4 HTTP/1.1" 200 41
